[0119/162125.517:WARNING:angle_platform_impl.cc(48)] HLSLCompiler.cpp:257 (compileToBinary): 
C:\fakepath(102,1-6): warning X4000: use of potentially uninitialized variable (dyn_index_vec4_float4)

[0119/162125.638:WARNING:angle_platform_impl.cc(48)] HLSLCompiler.cpp:257 (compileToBinary): 
C:\fakepath(135,1): warning X4000: use of potentially uninitialized variable (f_i)
C:\fakepath(137,1): warning X4000: use of potentially uninitialized variable (f_i)
C:\fakepath(173,1): warning X4000: use of potentially uninitialized variable (f_u)

[0119/162126.040:WARNING:angle_platform_impl.cc(48)] HLSLCompiler.cpp:257 (compileToBinary): 
C:\fakepath(165,1): warning X4000: use of potentially uninitialized variable (f_renderMipMapLevel)

[0119/162126.078:WARNING:angle_platform_impl.cc(48)] HLSLCompiler.cpp:257 (compileToBinary): 
C:\fakepath(165,1): warning X4000: use of potentially uninitialized variable (f_renderMipMapLevel)

[0119/162126.207:WARNING:angle_platform_impl.cc(48)] HLSLCompiler.cpp:257 (compileToBinary): 
C:\fakepath(381,10-38): warning X4008: floating point division by zero
C:\fakepath(381,10-38): warning X4008: floating point division by zero

[0119/162126.346:ERROR:gl_utils.cc(314)] [.WebGL-000006B76F975580] GL_INVALID_OPERATION: Two textures of different types use the same sampler location.
[0119/162126.346:ERROR:gl_utils.cc(314)] [.WebGL-000006B76F975580] GL_INVALID_OPERATION: Two textures of different types use the same sampler location.
[0119/162126.346:ERROR:gl_utils.cc(314)] [.WebGL-000006B76F975580] GL_INVALID_OPERATION: Two textures of different types use the same sampler location.
[0119/162126.346:ERROR:gl_utils.cc(314)] [.WebGL-000006B76F975580] GL_INVALID_OPERATION: Two textures of different types use the same sampler location.
[0119/162126.346:ERROR:gl_utils.cc(314)] [.WebGL-000006B76F975580] GL_INVALID_OPERATION: Two textures of different types use the same sampler location.
[0119/162126.346:ERROR:gl_utils.cc(314)] [.WebGL-000006B76F975580] GL_INVALID_OPERATION: Two textures of different types use the same sampler location.
[0119/162126.346:ERROR:gl_utils.cc(314)] [.WebGL-000006B76F975580] GL_INVALID_OPERATION: Two textures of different types use the same sampler location.
[0119/162126.346:ERROR:gl_utils.cc(314)] [.WebGL-000006B76F975580] GL_INVALID_OPERATION: Two textures of different types use the same sampler location.
[0119/162126.346:ERROR:gl_utils.cc(314)] [.WebGL-000006B76F975580] GL_INVALID_OPERATION: Two textures of different types use the same sampler location.
[0119/162126.346:ERROR:gl_utils.cc(314)] [.WebGL-000006B76F975580] GL_INVALID_OPERATION: Two textures of different types use the same sampler location.
[0119/162126.346:ERROR:gl_utils.cc(314)] [.WebGL-000006B76F975580] GL_INVALID_OPERATION: Two textures of different types use the same sampler location.
[0119/162126.361:ERROR:gl_utils.cc(314)] [.WebGL-000006B76F975580] GL_INVALID_OPERATION: Two textures of different types use the same sampler location.
[0119/162126.361:ERROR:gl_utils.cc(314)] [.WebGL-000006B76F975580] GL_INVALID_OPERATION: Two textures of different types use the same sampler location.
[0119/162126.361:ERROR:gl_utils.cc(314)] [.WebGL-000006B76F975580] GL_INVALID_OPERATION: Two textures of different types use the same sampler location.
[0119/162126.361:ERROR:gl_utils.cc(314)] [.WebGL-000006B76F975580] GL_INVALID_OPERATION: Two textures of different types use the same sampler location.
[0119/162126.361:ERROR:gl_utils.cc(314)] [.WebGL-000006B76F975580] GL_INVALID_OPERATION: Two textures of different types use the same sampler location.
[0119/162126.366:ERROR:gl_utils.cc(314)] [.WebGL-000006B76F975580] GL_INVALID_OPERATION: Two textures of different types use the same sampler location.
[0119/162126.366:ERROR:gl_utils.cc(314)] [.WebGL-000006B76F975580] GL_INVALID_OPERATION: Two textures of different types use the same sampler location.
[0119/162126.366:ERROR:gl_utils.cc(314)] [.WebGL-000006B76F975580] GL_INVALID_OPERATION: Two textures of different types use the same sampler location.
[0119/162126.366:ERROR:gl_utils.cc(314)] [.WebGL-000006B76F975580] GL_INVALID_OPERATION: Two textures of different types use the same sampler location.
[0119/162126.366:ERROR:gl_utils.cc(314)] [.WebGL-000006B76F975580] GL_INVALID_OPERATION: Two textures of different types use the same sampler location.
[0119/162126.366:ERROR:gl_utils.cc(314)] [.WebGL-000006B76F975580] GL_INVALID_OPERATION: Two textures of different types use the same sampler location.
[0119/162215.202:ERROR:gpu_init.cc(426)] Passthrough is not supported, GL is disabled
